{"D:\\binaracad\\fsw-platinum\\backend\\app.mjs": {"path":"D:\\binaracad\\fsw-platinum\\backend\\app.mjs","statementMap":{"0":{"start":{"line":7,"column":13},"end":{"line":7,"column":17}},"1":{"start":{"line":8,"column":16},"end":{"line":32,"column":1}},"2":{"start":{"line":33,"column":14},"end":{"line":33,"column":35}},"3":{"start":{"line":35,"column":2},"end":{"line":35,"column":78}},"4":{"start":{"line":37,"column":12},"end":{"line":37,"column":21}},"5":{"start":{"line":38,"column":0},"end":{"line":38,"column":16}},"6":{"start":{"line":39,"column":0},"end":{"line":39,"column":24}},"7":{"start":{"line":40,"column":0},"end":{"line":40,"column":24}},"8":{"start":{"line":41,"column":0},"end":{"line":45,"column":2}},"9":{"start":{"line":46,"column":0},"end":{"line":48,"column":3}},"10":{"start":{"line":47,"column":2},"end":{"line":47,"column":54}}},"fnMap":{"0":{"name":"(anonymous_0)","decl":{"start":{"line":46,"column":17},"end":{"line":46,"column":18}},"loc":{"start":{"line":46,"column":23},"end":{"line":48,"column":1}},"line":46}},"branchMap":{},"s":{"0":0,"1":0,"2":0,"3":0,"4":0,"5":0,"6":0,"7":0,"8":0,"9":0,"10":0},"f":{"0":0},"b":{},"inputSourceMap":null}
,"D:\\binaracad\\fsw-platinum\\backend\\controllers\\authController.mjs": {"path":"D:\\binaracad\\fsw-platinum\\backend\\controllers\\authController.mjs","statementMap":{"0":{"start":{"line":10,"column":21},"end":{"line":33,"column":1}},"1":{"start":{"line":12,"column":2},"end":{"line":17,"column":3}},"2":{"start":{"line":13,"column":4},"end":{"line":13,"column":54}},"3":{"start":{"line":15,"column":24},"end":{"line":15,"column":27}},"4":{"start":{"line":16,"column":4},"end":{"line":16,"column":52}},"5":{"start":{"line":19,"column":27},"end":{"line":19,"column":43}},"6":{"start":{"line":20,"column":2},"end":{"line":22,"column":3}},"7":{"start":{"line":21,"column":4},"end":{"line":21,"column":69}},"8":{"start":{"line":24,"column":2},"end":{"line":32,"column":3}},"9":{"start":{"line":25,"column":17},"end":{"line":25,"column":53}},"10":{"start":{"line":26,"column":17},"end":{"line":26,"column":38}},"11":{"start":{"line":28,"column":4},"end":{"line":28,"column":38}},"12":{"start":{"line":30,"column":24},"end":{"line":30,"column":27}},"13":{"start":{"line":31,"column":4},"end":{"line":31,"column":52}},"14":{"start":{"line":35,"column":29},"end":{"line":65,"column":1}},"15":{"start":{"line":37,"column":2},"end":{"line":42,"column":3}},"16":{"start":{"line":38,"column":4},"end":{"line":38,"column":62}},"17":{"start":{"line":40,"column":24},"end":{"line":40,"column":27}},"18":{"start":{"line":41,"column":4},"end":{"line":41,"column":52}},"19":{"start":{"line":44,"column":27},"end":{"line":44,"column":43}},"20":{"start":{"line":45,"column":2},"end":{"line":47,"column":3}},"21":{"start":{"line":46,"column":4},"end":{"line":46,"column":69}},"22":{"start":{"line":49,"column":2},"end":{"line":64,"column":3}},"23":{"start":{"line":50,"column":17},"end":{"line":50,"column":53}},"24":{"start":{"line":52,"column":34},"end":{"line":56,"column":6}},"25":{"start":{"line":58,"column":26},"end":{"line":58,"column":30}},"26":{"start":{"line":59,"column":4},"end":{"line":59,"column":53}},"27":{"start":{"line":60,"column":4},"end":{"line":60,"column":76}},"28":{"start":{"line":62,"column":24},"end":{"line":62,"column":27}},"29":{"start":{"line":63,"column":4},"end":{"line":63,"column":52}},"30":{"start":{"line":67,"column":37},"end":{"line":112,"column":1}},"31":{"start":{"line":69,"column":2},"end":{"line":74,"column":3}},"32":{"start":{"line":70,"column":4},"end":{"line":70,"column":70}},"33":{"start":{"line":72,"column":24},"end":{"line":72,"column":29}},"34":{"start":{"line":73,"column":4},"end":{"line":73,"column":52}},"35":{"start":{"line":75,"column":27},"end":{"line":75,"column":43}},"36":{"start":{"line":76,"column":2},"end":{"line":78,"column":3}},"37":{"start":{"line":77,"column":4},"end":{"line":77,"column":69}},"38":{"start":{"line":80,"column":30},"end":{"line":80,"column":35}},"39":{"start":{"line":82,"column":2},"end":{"line":87,"column":3}},"40":{"start":{"line":83,"column":20},"end":{"line":83,"column":40}},"41":{"start":{"line":84,"column":4},"end":{"line":84,"column":13}},"42":{"start":{"line":86,"column":4},"end":{"line":86,"column":48}},"43":{"start":{"line":89,"column":15},"end":{"line":89,"column":37}},"44":{"start":{"line":90,"column":2},"end":{"line":92,"column":3}},"45":{"start":{"line":91,"column":4},"end":{"line":91,"column":69}},"46":{"start":{"line":94,"column":20},"end":{"line":94,"column":24}},"47":{"start":{"line":96,"column":28},"end":{"line":100,"column":4}},"48":{"start":{"line":102,"column":2},"end":{"line":104,"column":3}},"49":{"start":{"line":103,"column":4},"end":{"line":103,"column":80}},"50":{"start":{"line":106,"column":2},"end":{"line":110,"column":3}},"51":{"start":{"line":107,"column":4},"end":{"line":107,"column":40}},"52":{"start":{"line":109,"column":4},"end":{"line":109,"column":50}},"53":{"start":{"line":111,"column":2},"end":{"line":111,"column":68}}},"fnMap":{"0":{"name":"(anonymous_0)","decl":{"start":{"line":10,"column":21},"end":{"line":10,"column":22}},"loc":{"start":{"line":10,"column":41},"end":{"line":33,"column":1}},"line":10},"1":{"name":"(anonymous_1)","decl":{"start":{"line":35,"column":29},"end":{"line":35,"column":30}},"loc":{"start":{"line":35,"column":49},"end":{"line":65,"column":1}},"line":35},"2":{"name":"(anonymous_2)","decl":{"start":{"line":67,"column":37},"end":{"line":67,"column":38}},"loc":{"start":{"line":67,"column":57},"end":{"line":112,"column":1}},"line":67}},"branchMap":{"0":{"loc":{"start":{"line":20,"column":2},"end":{"line":22,"column":3}},"type":"if","locations":[{"start":{"line":20,"column":2},"end":{"line":22,"column":3}},{"start":{},"end":{}}],"line":20},"1":{"loc":{"start":{"line":45,"column":2},"end":{"line":47,"column":3}},"type":"if","locations":[{"start":{"line":45,"column":2},"end":{"line":47,"column":3}},{"start":{},"end":{}}],"line":45},"2":{"loc":{"start":{"line":76,"column":2},"end":{"line":78,"column":3}},"type":"if","locations":[{"start":{"line":76,"column":2},"end":{"line":78,"column":3}},{"start":{},"end":{}}],"line":76},"3":{"loc":{"start":{"line":90,"column":2},"end":{"line":92,"column":3}},"type":"if","locations":[{"start":{"line":90,"column":2},"end":{"line":92,"column":3}},{"start":{},"end":{}}],"line":90},"4":{"loc":{"start":{"line":102,"column":2},"end":{"line":104,"column":3}},"type":"if","locations":[{"start":{"line":102,"column":2},"end":{"line":104,"column":3}},{"start":{},"end":{}}],"line":102}},"s":{"0":0,"1":0,"2":0,"3":0,"4":0,"5":0,"6":0,"7":0,"8":0,"9":0,"10":0,"11":0,"12":0,"13":0,"14":0,"15":0,"16":0,"17":0,"18":0,"19":0,"20":0,"21":0,"22":0,"23":0,"24":0,"25":0,"26":0,"27":0,"28":0,"29":0,"30":0,"31":0,"32":0,"33":0,"34":0,"35":0,"36":0,"37":0,"38":0,"39":0,"40":0,"41":0,"42":0,"43":0,"44":0,"45":0,"46":0,"47":0,"48":0,"49":0,"50":0,"51":0,"52":0,"53":0},"f":{"0":0,"1":0,"2":0},"b":{"0":[0,0],"1":[0,0],"2":[0,0],"3":[0,0],"4":[0,0]},"inputSourceMap":null}
,"D:\\binaracad\\fsw-platinum\\backend\\controllers\\classesController.mjs": {"path":"D:\\binaracad\\fsw-platinum\\backend\\controllers\\classesController.mjs","statementMap":{"0":{"start":{"line":4,"column":16},"end":{"line":4,"column":18}},"1":{"start":{"line":5,"column":26},"end":{"line":17,"column":1}},"2":{"start":{"line":6,"column":27},"end":{"line":6,"column":57}},"3":{"start":{"line":7,"column":2},"end":{"line":9,"column":3}},"4":{"start":{"line":8,"column":4},"end":{"line":8,"column":69}},"5":{"start":{"line":10,"column":2},"end":{"line":16,"column":3}},"6":{"start":{"line":11,"column":21},"end":{"line":11,"column":46}},"7":{"start":{"line":12,"column":4},"end":{"line":12,"column":42}},"8":{"start":{"line":14,"column":23},"end":{"line":14,"column":26}},"9":{"start":{"line":15,"column":4},"end":{"line":15,"column":51}},"10":{"start":{"line":19,"column":26},"end":{"line":22,"column":1}},"11":{"start":{"line":20,"column":20},"end":{"line":20,"column":40}},"12":{"start":{"line":21,"column":2},"end":{"line":21,"column":29}},"13":{"start":{"line":24,"column":27},"end":{"line":30,"column":1}},"14":{"start":{"line":25,"column":20},"end":{"line":25,"column":73}},"15":{"start":{"line":26,"column":2},"end":{"line":28,"column":3}},"16":{"start":{"line":27,"column":4},"end":{"line":27,"column":31}},"17":{"start":{"line":29,"column":2},"end":{"line":29,"column":49}},"18":{"start":{"line":32,"column":26},"end":{"line":48,"column":1}},"19":{"start":{"line":33,"column":27},"end":{"line":33,"column":57}},"20":{"start":{"line":34,"column":2},"end":{"line":36,"column":3}},"21":{"start":{"line":35,"column":4},"end":{"line":35,"column":69}},"22":{"start":{"line":38,"column":18},"end":{"line":38,"column":50}},"23":{"start":{"line":39,"column":20},"end":{"line":39,"column":48}},"24":{"start":{"line":40,"column":2},"end":{"line":40,"column":65}},"25":{"start":{"line":40,"column":18},"end":{"line":40,"column":65}},"26":{"start":{"line":41,"column":2},"end":{"line":47,"column":3}},"27":{"start":{"line":42,"column":23},"end":{"line":42,"column":57}},"28":{"start":{"line":43,"column":4},"end":{"line":43,"column":44}},"29":{"start":{"line":45,"column":23},"end":{"line":45,"column":26}},"30":{"start":{"line":46,"column":4},"end":{"line":46,"column":51}},"31":{"start":{"line":50,"column":26},"end":{"line":57,"column":1}},"32":{"start":{"line":51,"column":18},"end":{"line":51,"column":50}},"33":{"start":{"line":52,"column":20},"end":{"line":52,"column":48}},"34":{"start":{"line":53,"column":2},"end":{"line":53,"column":65}},"35":{"start":{"line":53,"column":18},"end":{"line":53,"column":65}},"36":{"start":{"line":55,"column":2},"end":{"line":55,"column":55}},"37":{"start":{"line":56,"column":2},"end":{"line":56,"column":32}}},"fnMap":{"0":{"name":"(anonymous_0)","decl":{"start":{"line":5,"column":26},"end":{"line":5,"column":27}},"loc":{"start":{"line":5,"column":46},"end":{"line":17,"column":1}},"line":5},"1":{"name":"(anonymous_1)","decl":{"start":{"line":19,"column":26},"end":{"line":19,"column":27}},"loc":{"start":{"line":19,"column":46},"end":{"line":22,"column":1}},"line":19},"2":{"name":"(anonymous_2)","decl":{"start":{"line":24,"column":27},"end":{"line":24,"column":28}},"loc":{"start":{"line":24,"column":47},"end":{"line":30,"column":1}},"line":24},"3":{"name":"(anonymous_3)","decl":{"start":{"line":32,"column":26},"end":{"line":32,"column":27}},"loc":{"start":{"line":32,"column":46},"end":{"line":48,"column":1}},"line":32},"4":{"name":"(anonymous_4)","decl":{"start":{"line":50,"column":26},"end":{"line":50,"column":27}},"loc":{"start":{"line":50,"column":46},"end":{"line":57,"column":1}},"line":50}},"branchMap":{"0":{"loc":{"start":{"line":7,"column":2},"end":{"line":9,"column":3}},"type":"if","locations":[{"start":{"line":7,"column":2},"end":{"line":9,"column":3}},{"start":{},"end":{}}],"line":7},"1":{"loc":{"start":{"line":26,"column":2},"end":{"line":28,"column":3}},"type":"if","locations":[{"start":{"line":26,"column":2},"end":{"line":28,"column":3}},{"start":{},"end":{}}],"line":26},"2":{"loc":{"start":{"line":34,"column":2},"end":{"line":36,"column":3}},"type":"if","locations":[{"start":{"line":34,"column":2},"end":{"line":36,"column":3}},{"start":{},"end":{}}],"line":34},"3":{"loc":{"start":{"line":40,"column":2},"end":{"line":40,"column":65}},"type":"if","locations":[{"start":{"line":40,"column":2},"end":{"line":40,"column":65}},{"start":{},"end":{}}],"line":40},"4":{"loc":{"start":{"line":53,"column":2},"end":{"line":53,"column":65}},"type":"if","locations":[{"start":{"line":53,"column":2},"end":{"line":53,"column":65}},{"start":{},"end":{}}],"line":53}},"s":{"0":0,"1":0,"2":0,"3":0,"4":0,"5":0,"6":0,"7":0,"8":0,"9":0,"10":0,"11":0,"12":0,"13":0,"14":0,"15":0,"16":0,"17":0,"18":0,"19":0,"20":0,"21":0,"22":0,"23":0,"24":0,"25":0,"26":0,"27":0,"28":0,"29":0,"30":0,"31":0,"32":0,"33":0,"34":0,"35":0,"36":0,"37":0},"f":{"0":0,"1":0,"2":0,"3":0,"4":0},"b":{"0":[0,0],"1":[0,0],"2":[0,0],"3":[0,0],"4":[0,0]},"inputSourceMap":null}
,"D:\\binaracad\\fsw-platinum\\backend\\controllers\\studentsController.mjs": {"path":"D:\\binaracad\\fsw-platinum\\backend\\controllers\\studentsController.mjs","statementMap":{"0":{"start":{"line":4,"column":16},"end":{"line":4,"column":18}},"1":{"start":{"line":5,"column":26},"end":{"line":19,"column":1}},"2":{"start":{"line":6,"column":27},"end":{"line":6,"column":59}},"3":{"start":{"line":7,"column":2},"end":{"line":9,"column":3}},"4":{"start":{"line":8,"column":4},"end":{"line":8,"column":69}},"5":{"start":{"line":11,"column":19},"end":{"line":11,"column":51}},"6":{"start":{"line":12,"column":2},"end":{"line":18,"column":3}},"7":{"start":{"line":13,"column":17},"end":{"line":13,"column":61}},"8":{"start":{"line":14,"column":4},"end":{"line":14,"column":38}},"9":{"start":{"line":16,"column":23},"end":{"line":16,"column":26}},"10":{"start":{"line":17,"column":4},"end":{"line":17,"column":51}},"11":{"start":{"line":21,"column":26},"end":{"line":29,"column":1}},"12":{"start":{"line":22,"column":13},"end":{"line":22,"column":15}},"13":{"start":{"line":23,"column":2},"end":{"line":27,"column":3}},"14":{"start":{"line":24,"column":4},"end":{"line":24,"column":77}},"15":{"start":{"line":26,"column":4},"end":{"line":26,"column":34}},"16":{"start":{"line":28,"column":2},"end":{"line":28,"column":24}},"17":{"start":{"line":31,"column":27},"end":{"line":37,"column":1}},"18":{"start":{"line":32,"column":15},"end":{"line":32,"column":70}},"19":{"start":{"line":33,"column":2},"end":{"line":35,"column":3}},"20":{"start":{"line":34,"column":4},"end":{"line":34,"column":26}},"21":{"start":{"line":36,"column":2},"end":{"line":36,"column":51}},"22":{"start":{"line":39,"column":28},"end":{"line":45,"column":1}},"23":{"start":{"line":40,"column":15},"end":{"line":40,"column":75}},"24":{"start":{"line":41,"column":2},"end":{"line":43,"column":3}},"25":{"start":{"line":42,"column":4},"end":{"line":42,"column":26}},"26":{"start":{"line":44,"column":2},"end":{"line":44,"column":51}},"27":{"start":{"line":47,"column":26},"end":{"line":63,"column":1}},"28":{"start":{"line":48,"column":27},"end":{"line":48,"column":59}},"29":{"start":{"line":49,"column":2},"end":{"line":51,"column":3}},"30":{"start":{"line":50,"column":4},"end":{"line":50,"column":69}},"31":{"start":{"line":53,"column":17},"end":{"line":53,"column":49}},"32":{"start":{"line":54,"column":15},"end":{"line":54,"column":44}},"33":{"start":{"line":55,"column":2},"end":{"line":55,"column":62}},"34":{"start":{"line":55,"column":13},"end":{"line":55,"column":62}},"35":{"start":{"line":56,"column":2},"end":{"line":62,"column":3}},"36":{"start":{"line":57,"column":23},"end":{"line":57,"column":58}},"37":{"start":{"line":58,"column":4},"end":{"line":58,"column":44}},"38":{"start":{"line":60,"column":23},"end":{"line":60,"column":26}},"39":{"start":{"line":61,"column":4},"end":{"line":61,"column":51}},"40":{"start":{"line":65,"column":26},"end":{"line":71,"column":1}},"41":{"start":{"line":66,"column":17},"end":{"line":66,"column":49}},"42":{"start":{"line":67,"column":15},"end":{"line":67,"column":44}},"43":{"start":{"line":68,"column":2},"end":{"line":68,"column":62}},"44":{"start":{"line":68,"column":13},"end":{"line":68,"column":62}},"45":{"start":{"line":69,"column":2},"end":{"line":69,"column":57}},"46":{"start":{"line":70,"column":2},"end":{"line":70,"column":32}}},"fnMap":{"0":{"name":"(anonymous_0)","decl":{"start":{"line":5,"column":26},"end":{"line":5,"column":27}},"loc":{"start":{"line":5,"column":46},"end":{"line":19,"column":1}},"line":5},"1":{"name":"(anonymous_1)","decl":{"start":{"line":21,"column":26},"end":{"line":21,"column":27}},"loc":{"start":{"line":21,"column":46},"end":{"line":29,"column":1}},"line":21},"2":{"name":"(anonymous_2)","decl":{"start":{"line":31,"column":27},"end":{"line":31,"column":28}},"loc":{"start":{"line":31,"column":47},"end":{"line":37,"column":1}},"line":31},"3":{"name":"(anonymous_3)","decl":{"start":{"line":39,"column":28},"end":{"line":39,"column":29}},"loc":{"start":{"line":39,"column":48},"end":{"line":45,"column":1}},"line":39},"4":{"name":"(anonymous_4)","decl":{"start":{"line":47,"column":26},"end":{"line":47,"column":27}},"loc":{"start":{"line":47,"column":46},"end":{"line":63,"column":1}},"line":47},"5":{"name":"(anonymous_5)","decl":{"start":{"line":65,"column":26},"end":{"line":65,"column":27}},"loc":{"start":{"line":65,"column":46},"end":{"line":71,"column":1}},"line":65}},"branchMap":{"0":{"loc":{"start":{"line":7,"column":2},"end":{"line":9,"column":3}},"type":"if","locations":[{"start":{"line":7,"column":2},"end":{"line":9,"column":3}},{"start":{},"end":{}}],"line":7},"1":{"loc":{"start":{"line":23,"column":2},"end":{"line":27,"column":3}},"type":"if","locations":[{"start":{"line":23,"column":2},"end":{"line":27,"column":3}},{"start":{"line":25,"column":9},"end":{"line":27,"column":3}}],"line":23},"2":{"loc":{"start":{"line":33,"column":2},"end":{"line":35,"column":3}},"type":"if","locations":[{"start":{"line":33,"column":2},"end":{"line":35,"column":3}},{"start":{},"end":{}}],"line":33},"3":{"loc":{"start":{"line":41,"column":2},"end":{"line":43,"column":3}},"type":"if","locations":[{"start":{"line":41,"column":2},"end":{"line":43,"column":3}},{"start":{},"end":{}}],"line":41},"4":{"loc":{"start":{"line":49,"column":2},"end":{"line":51,"column":3}},"type":"if","locations":[{"start":{"line":49,"column":2},"end":{"line":51,"column":3}},{"start":{},"end":{}}],"line":49},"5":{"loc":{"start":{"line":55,"column":2},"end":{"line":55,"column":62}},"type":"if","locations":[{"start":{"line":55,"column":2},"end":{"line":55,"column":62}},{"start":{},"end":{}}],"line":55},"6":{"loc":{"start":{"line":68,"column":2},"end":{"line":68,"column":62}},"type":"if","locations":[{"start":{"line":68,"column":2},"end":{"line":68,"column":62}},{"start":{},"end":{}}],"line":68}},"s":{"0":0,"1":0,"2":0,"3":0,"4":0,"5":0,"6":0,"7":0,"8":0,"9":0,"10":0,"11":0,"12":0,"13":0,"14":0,"15":0,"16":0,"17":0,"18":0,"19":0,"20":0,"21":0,"22":0,"23":0,"24":0,"25":0,"26":0,"27":0,"28":0,"29":0,"30":0,"31":0,"32":0,"33":0,"34":0,"35":0,"36":0,"37":0,"38":0,"39":0,"40":0,"41":0,"42":0,"43":0,"44":0,"45":0,"46":0},"f":{"0":0,"1":0,"2":0,"3":0,"4":0,"5":0},"b":{"0":[0,0],"1":[0,0],"2":[0,0],"3":[0,0],"4":[0,0],"5":[0,0],"6":[0,0]},"inputSourceMap":null}
,"D:\\binaracad\\fsw-platinum\\backend\\controllers\\subjectsController.mjs": {"path":"D:\\binaracad\\fsw-platinum\\backend\\controllers\\subjectsController.mjs","statementMap":{"0":{"start":{"line":4,"column":16},"end":{"line":4,"column":18}},"1":{"start":{"line":5,"column":26},"end":{"line":17,"column":1}},"2":{"start":{"line":6,"column":27},"end":{"line":6,"column":58}},"3":{"start":{"line":7,"column":2},"end":{"line":9,"column":3}},"4":{"start":{"line":8,"column":4},"end":{"line":8,"column":69}},"5":{"start":{"line":10,"column":2},"end":{"line":16,"column":3}},"6":{"start":{"line":11,"column":17},"end":{"line":11,"column":43}},"7":{"start":{"line":12,"column":4},"end":{"line":12,"column":38}},"8":{"start":{"line":14,"column":23},"end":{"line":14,"column":26}},"9":{"start":{"line":15,"column":4},"end":{"line":15,"column":51}},"10":{"start":{"line":19,"column":26},"end":{"line":22,"column":1}},"11":{"start":{"line":20,"column":15},"end":{"line":20,"column":36}},"12":{"start":{"line":21,"column":2},"end":{"line":21,"column":24}},"13":{"start":{"line":24,"column":27},"end":{"line":30,"column":1}},"14":{"start":{"line":25,"column":15},"end":{"line":25,"column":69}},"15":{"start":{"line":26,"column":2},"end":{"line":28,"column":3}},"16":{"start":{"line":27,"column":4},"end":{"line":27,"column":26}},"17":{"start":{"line":29,"column":2},"end":{"line":29,"column":51}},"18":{"start":{"line":32,"column":26},"end":{"line":48,"column":1}},"19":{"start":{"line":33,"column":27},"end":{"line":33,"column":58}},"20":{"start":{"line":34,"column":2},"end":{"line":36,"column":3}},"21":{"start":{"line":35,"column":4},"end":{"line":35,"column":69}},"22":{"start":{"line":38,"column":17},"end":{"line":38,"column":49}},"23":{"start":{"line":39,"column":15},"end":{"line":39,"column":43}},"24":{"start":{"line":40,"column":2},"end":{"line":40,"column":62}},"25":{"start":{"line":40,"column":13},"end":{"line":40,"column":62}},"26":{"start":{"line":41,"column":2},"end":{"line":47,"column":3}},"27":{"start":{"line":42,"column":23},"end":{"line":42,"column":57}},"28":{"start":{"line":43,"column":4},"end":{"line":43,"column":44}},"29":{"start":{"line":45,"column":23},"end":{"line":45,"column":26}},"30":{"start":{"line":46,"column":4},"end":{"line":46,"column":51}},"31":{"start":{"line":50,"column":26},"end":{"line":57,"column":1}},"32":{"start":{"line":51,"column":17},"end":{"line":51,"column":49}},"33":{"start":{"line":52,"column":15},"end":{"line":52,"column":43}},"34":{"start":{"line":53,"column":2},"end":{"line":53,"column":62}},"35":{"start":{"line":53,"column":13},"end":{"line":53,"column":62}},"36":{"start":{"line":55,"column":2},"end":{"line":55,"column":56}},"37":{"start":{"line":56,"column":2},"end":{"line":56,"column":32}}},"fnMap":{"0":{"name":"(anonymous_0)","decl":{"start":{"line":5,"column":26},"end":{"line":5,"column":27}},"loc":{"start":{"line":5,"column":46},"end":{"line":17,"column":1}},"line":5},"1":{"name":"(anonymous_1)","decl":{"start":{"line":19,"column":26},"end":{"line":19,"column":27}},"loc":{"start":{"line":19,"column":46},"end":{"line":22,"column":1}},"line":19},"2":{"name":"(anonymous_2)","decl":{"start":{"line":24,"column":27},"end":{"line":24,"column":28}},"loc":{"start":{"line":24,"column":47},"end":{"line":30,"column":1}},"line":24},"3":{"name":"(anonymous_3)","decl":{"start":{"line":32,"column":26},"end":{"line":32,"column":27}},"loc":{"start":{"line":32,"column":46},"end":{"line":48,"column":1}},"line":32},"4":{"name":"(anonymous_4)","decl":{"start":{"line":50,"column":26},"end":{"line":50,"column":27}},"loc":{"start":{"line":50,"column":46},"end":{"line":57,"column":1}},"line":50}},"branchMap":{"0":{"loc":{"start":{"line":7,"column":2},"end":{"line":9,"column":3}},"type":"if","locations":[{"start":{"line":7,"column":2},"end":{"line":9,"column":3}},{"start":{},"end":{}}],"line":7},"1":{"loc":{"start":{"line":26,"column":2},"end":{"line":28,"column":3}},"type":"if","locations":[{"start":{"line":26,"column":2},"end":{"line":28,"column":3}},{"start":{},"end":{}}],"line":26},"2":{"loc":{"start":{"line":34,"column":2},"end":{"line":36,"column":3}},"type":"if","locations":[{"start":{"line":34,"column":2},"end":{"line":36,"column":3}},{"start":{},"end":{}}],"line":34},"3":{"loc":{"start":{"line":40,"column":2},"end":{"line":40,"column":62}},"type":"if","locations":[{"start":{"line":40,"column":2},"end":{"line":40,"column":62}},{"start":{},"end":{}}],"line":40},"4":{"loc":{"start":{"line":53,"column":2},"end":{"line":53,"column":62}},"type":"if","locations":[{"start":{"line":53,"column":2},"end":{"line":53,"column":62}},{"start":{},"end":{}}],"line":53}},"s":{"0":0,"1":0,"2":0,"3":0,"4":0,"5":0,"6":0,"7":0,"8":0,"9":0,"10":0,"11":0,"12":0,"13":0,"14":0,"15":0,"16":0,"17":0,"18":0,"19":0,"20":0,"21":0,"22":0,"23":0,"24":0,"25":0,"26":0,"27":0,"28":0,"29":0,"30":0,"31":0,"32":0,"33":0,"34":0,"35":0,"36":0,"37":0},"f":{"0":0,"1":0,"2":0,"3":0,"4":0},"b":{"0":[0,0],"1":[0,0],"2":[0,0],"3":[0,0],"4":[0,0]},"inputSourceMap":null}
,"D:\\binaracad\\fsw-platinum\\backend\\controllers\\teachersController.mjs": {"path":"D:\\binaracad\\fsw-platinum\\backend\\controllers\\teachersController.mjs","statementMap":{"0":{"start":{"line":4,"column":16},"end":{"line":4,"column":18}},"1":{"start":{"line":5,"column":26},"end":{"line":18,"column":1}},"2":{"start":{"line":6,"column":27},"end":{"line":6,"column":59}},"3":{"start":{"line":7,"column":2},"end":{"line":9,"column":3}},"4":{"start":{"line":8,"column":4},"end":{"line":8,"column":69}},"5":{"start":{"line":11,"column":2},"end":{"line":17,"column":3}},"6":{"start":{"line":12,"column":17},"end":{"line":12,"column":44}},"7":{"start":{"line":13,"column":4},"end":{"line":13,"column":38}},"8":{"start":{"line":15,"column":23},"end":{"line":15,"column":26}},"9":{"start":{"line":16,"column":4},"end":{"line":16,"column":51}},"10":{"start":{"line":20,"column":26},"end":{"line":23,"column":1}},"11":{"start":{"line":21,"column":15},"end":{"line":21,"column":37}},"12":{"start":{"line":22,"column":2},"end":{"line":22,"column":24}},"13":{"start":{"line":25,"column":27},"end":{"line":31,"column":1}},"14":{"start":{"line":26,"column":15},"end":{"line":26,"column":70}},"15":{"start":{"line":27,"column":2},"end":{"line":29,"column":3}},"16":{"start":{"line":28,"column":4},"end":{"line":28,"column":26}},"17":{"start":{"line":30,"column":2},"end":{"line":30,"column":51}},"18":{"start":{"line":33,"column":26},"end":{"line":49,"column":1}},"19":{"start":{"line":34,"column":27},"end":{"line":34,"column":59}},"20":{"start":{"line":35,"column":2},"end":{"line":37,"column":3}},"21":{"start":{"line":36,"column":4},"end":{"line":36,"column":69}},"22":{"start":{"line":39,"column":17},"end":{"line":39,"column":49}},"23":{"start":{"line":40,"column":15},"end":{"line":40,"column":44}},"24":{"start":{"line":41,"column":2},"end":{"line":41,"column":62}},"25":{"start":{"line":41,"column":13},"end":{"line":41,"column":62}},"26":{"start":{"line":42,"column":2},"end":{"line":48,"column":3}},"27":{"start":{"line":43,"column":23},"end":{"line":43,"column":58}},"28":{"start":{"line":44,"column":4},"end":{"line":44,"column":44}},"29":{"start":{"line":46,"column":23},"end":{"line":46,"column":26}},"30":{"start":{"line":47,"column":4},"end":{"line":47,"column":51}},"31":{"start":{"line":51,"column":26},"end":{"line":57,"column":1}},"32":{"start":{"line":52,"column":17},"end":{"line":52,"column":49}},"33":{"start":{"line":53,"column":15},"end":{"line":53,"column":44}},"34":{"start":{"line":54,"column":2},"end":{"line":54,"column":62}},"35":{"start":{"line":54,"column":13},"end":{"line":54,"column":62}},"36":{"start":{"line":55,"column":2},"end":{"line":55,"column":57}},"37":{"start":{"line":56,"column":2},"end":{"line":56,"column":32}}},"fnMap":{"0":{"name":"(anonymous_0)","decl":{"start":{"line":5,"column":26},"end":{"line":5,"column":27}},"loc":{"start":{"line":5,"column":46},"end":{"line":18,"column":1}},"line":5},"1":{"name":"(anonymous_1)","decl":{"start":{"line":20,"column":26},"end":{"line":20,"column":27}},"loc":{"start":{"line":20,"column":46},"end":{"line":23,"column":1}},"line":20},"2":{"name":"(anonymous_2)","decl":{"start":{"line":25,"column":27},"end":{"line":25,"column":28}},"loc":{"start":{"line":25,"column":47},"end":{"line":31,"column":1}},"line":25},"3":{"name":"(anonymous_3)","decl":{"start":{"line":33,"column":26},"end":{"line":33,"column":27}},"loc":{"start":{"line":33,"column":46},"end":{"line":49,"column":1}},"line":33},"4":{"name":"(anonymous_4)","decl":{"start":{"line":51,"column":26},"end":{"line":51,"column":27}},"loc":{"start":{"line":51,"column":46},"end":{"line":57,"column":1}},"line":51}},"branchMap":{"0":{"loc":{"start":{"line":7,"column":2},"end":{"line":9,"column":3}},"type":"if","locations":[{"start":{"line":7,"column":2},"end":{"line":9,"column":3}},{"start":{},"end":{}}],"line":7},"1":{"loc":{"start":{"line":27,"column":2},"end":{"line":29,"column":3}},"type":"if","locations":[{"start":{"line":27,"column":2},"end":{"line":29,"column":3}},{"start":{},"end":{}}],"line":27},"2":{"loc":{"start":{"line":35,"column":2},"end":{"line":37,"column":3}},"type":"if","locations":[{"start":{"line":35,"column":2},"end":{"line":37,"column":3}},{"start":{},"end":{}}],"line":35},"3":{"loc":{"start":{"line":41,"column":2},"end":{"line":41,"column":62}},"type":"if","locations":[{"start":{"line":41,"column":2},"end":{"line":41,"column":62}},{"start":{},"end":{}}],"line":41},"4":{"loc":{"start":{"line":54,"column":2},"end":{"line":54,"column":62}},"type":"if","locations":[{"start":{"line":54,"column":2},"end":{"line":54,"column":62}},{"start":{},"end":{}}],"line":54}},"s":{"0":0,"1":0,"2":0,"3":0,"4":0,"5":0,"6":0,"7":0,"8":0,"9":0,"10":0,"11":0,"12":0,"13":0,"14":0,"15":0,"16":0,"17":0,"18":0,"19":0,"20":0,"21":0,"22":0,"23":0,"24":0,"25":0,"26":0,"27":0,"28":0,"29":0,"30":0,"31":0,"32":0,"33":0,"34":0,"35":0,"36":0,"37":0},"f":{"0":0,"1":0,"2":0,"3":0,"4":0},"b":{"0":[0,0],"1":[0,0],"2":[0,0],"3":[0,0],"4":[0,0]},"inputSourceMap":null}
,"D:\\binaracad\\fsw-platinum\\backend\\controllers\\teachingController.mjs": {"path":"D:\\binaracad\\fsw-platinum\\backend\\controllers\\teachingController.mjs","statementMap":{"0":{"start":{"line":4,"column":16},"end":{"line":4,"column":18}},"1":{"start":{"line":5,"column":26},"end":{"line":28,"column":1}},"2":{"start":{"line":6,"column":27},"end":{"line":6,"column":65}},"3":{"start":{"line":7,"column":2},"end":{"line":9,"column":3}},"4":{"start":{"line":8,"column":4},"end":{"line":8,"column":69}},"5":{"start":{"line":11,"column":21},"end":{"line":11,"column":54}},"6":{"start":{"line":12,"column":21},"end":{"line":12,"column":54}},"7":{"start":{"line":13,"column":19},"end":{"line":13,"column":52}},"8":{"start":{"line":14,"column":21},"end":{"line":14,"column":54}},"9":{"start":{"line":15,"column":2},"end":{"line":27,"column":3}},"10":{"start":{"line":16,"column":17},"end":{"line":22,"column":6}},"11":{"start":{"line":23,"column":4},"end":{"line":23,"column":38}},"12":{"start":{"line":25,"column":23},"end":{"line":25,"column":26}},"13":{"start":{"line":26,"column":4},"end":{"line":26,"column":51}},"14":{"start":{"line":30,"column":26},"end":{"line":43,"column":1}},"15":{"start":{"line":31,"column":13},"end":{"line":31,"column":15}},"16":{"start":{"line":32,"column":2},"end":{"line":41,"column":3}},"17":{"start":{"line":33,"column":4},"end":{"line":38,"column":6}},"18":{"start":{"line":40,"column":4},"end":{"line":40,"column":40}},"19":{"start":{"line":42,"column":2},"end":{"line":42,"column":24}},"20":{"start":{"line":45,"column":27},"end":{"line":52,"column":1}},"21":{"start":{"line":46,"column":15},"end":{"line":46,"column":76}},"22":{"start":{"line":48,"column":2},"end":{"line":50,"column":3}},"23":{"start":{"line":49,"column":4},"end":{"line":49,"column":26}},"24":{"start":{"line":51,"column":2},"end":{"line":51,"column":58}},"25":{"start":{"line":54,"column":26},"end":{"line":82,"column":1}},"26":{"start":{"line":55,"column":27},"end":{"line":55,"column":65}},"27":{"start":{"line":57,"column":2},"end":{"line":59,"column":3}},"28":{"start":{"line":58,"column":4},"end":{"line":58,"column":69}},"29":{"start":{"line":61,"column":13},"end":{"line":61,"column":46}},"30":{"start":{"line":62,"column":15},"end":{"line":62,"column":46}},"31":{"start":{"line":63,"column":21},"end":{"line":63,"column":54}},"32":{"start":{"line":64,"column":21},"end":{"line":64,"column":54}},"33":{"start":{"line":65,"column":19},"end":{"line":65,"column":51}},"34":{"start":{"line":66,"column":21},"end":{"line":66,"column":55}},"35":{"start":{"line":68,"column":2},"end":{"line":68,"column":69}},"36":{"start":{"line":68,"column":13},"end":{"line":68,"column":69}},"37":{"start":{"line":69,"column":2},"end":{"line":81,"column":3}},"38":{"start":{"line":70,"column":23},"end":{"line":76,"column":6}},"39":{"start":{"line":77,"column":4},"end":{"line":77,"column":44}},"40":{"start":{"line":79,"column":23},"end":{"line":79,"column":26}},"41":{"start":{"line":80,"column":4},"end":{"line":80,"column":51}},"42":{"start":{"line":84,"column":26},"end":{"line":90,"column":1}},"43":{"start":{"line":85,"column":17},"end":{"line":85,"column":49}},"44":{"start":{"line":86,"column":15},"end":{"line":86,"column":50}},"45":{"start":{"line":87,"column":2},"end":{"line":87,"column":69}},"46":{"start":{"line":87,"column":13},"end":{"line":87,"column":69}},"47":{"start":{"line":88,"column":2},"end":{"line":88,"column":63}},"48":{"start":{"line":89,"column":2},"end":{"line":89,"column":32}}},"fnMap":{"0":{"name":"(anonymous_0)","decl":{"start":{"line":5,"column":26},"end":{"line":5,"column":27}},"loc":{"start":{"line":5,"column":46},"end":{"line":28,"column":1}},"line":5},"1":{"name":"(anonymous_1)","decl":{"start":{"line":30,"column":26},"end":{"line":30,"column":27}},"loc":{"start":{"line":30,"column":46},"end":{"line":43,"column":1}},"line":30},"2":{"name":"(anonymous_2)","decl":{"start":{"line":45,"column":27},"end":{"line":45,"column":28}},"loc":{"start":{"line":45,"column":47},"end":{"line":52,"column":1}},"line":45},"3":{"name":"(anonymous_3)","decl":{"start":{"line":54,"column":26},"end":{"line":54,"column":27}},"loc":{"start":{"line":54,"column":46},"end":{"line":82,"column":1}},"line":54},"4":{"name":"(anonymous_4)","decl":{"start":{"line":84,"column":26},"end":{"line":84,"column":27}},"loc":{"start":{"line":84,"column":46},"end":{"line":90,"column":1}},"line":84}},"branchMap":{"0":{"loc":{"start":{"line":7,"column":2},"end":{"line":9,"column":3}},"type":"if","locations":[{"start":{"line":7,"column":2},"end":{"line":9,"column":3}},{"start":{},"end":{}}],"line":7},"1":{"loc":{"start":{"line":32,"column":2},"end":{"line":41,"column":3}},"type":"if","locations":[{"start":{"line":32,"column":2},"end":{"line":41,"column":3}},{"start":{"line":39,"column":9},"end":{"line":41,"column":3}}],"line":32},"2":{"loc":{"start":{"line":48,"column":2},"end":{"line":50,"column":3}},"type":"if","locations":[{"start":{"line":48,"column":2},"end":{"line":50,"column":3}},{"start":{},"end":{}}],"line":48},"3":{"loc":{"start":{"line":57,"column":2},"end":{"line":59,"column":3}},"type":"if","locations":[{"start":{"line":57,"column":2},"end":{"line":59,"column":3}},{"start":{},"end":{}}],"line":57},"4":{"loc":{"start":{"line":68,"column":2},"end":{"line":68,"column":69}},"type":"if","locations":[{"start":{"line":68,"column":2},"end":{"line":68,"column":69}},{"start":{},"end":{}}],"line":68},"5":{"loc":{"start":{"line":87,"column":2},"end":{"line":87,"column":69}},"type":"if","locations":[{"start":{"line":87,"column":2},"end":{"line":87,"column":69}},{"start":{},"end":{}}],"line":87}},"s":{"0":0,"1":0,"2":0,"3":0,"4":0,"5":0,"6":0,"7":0,"8":0,"9":0,"10":0,"11":0,"12":0,"13":0,"14":0,"15":0,"16":0,"17":0,"18":0,"19":0,"20":0,"21":0,"22":0,"23":0,"24":0,"25":0,"26":0,"27":0,"28":0,"29":0,"30":0,"31":0,"32":0,"33":0,"34":0,"35":0,"36":0,"37":0,"38":0,"39":0,"40":0,"41":0,"42":0,"43":0,"44":0,"45":0,"46":0,"47":0,"48":0},"f":{"0":0,"1":0,"2":0,"3":0,"4":0},"b":{"0":[0,0],"1":[0,0],"2":[0,0],"3":[0,0],"4":[0,0],"5":[0,0]},"inputSourceMap":null}
,"D:\\binaracad\\fsw-platinum\\backend\\controllers\\userController.mjs": {"path":"D:\\binaracad\\fsw-platinum\\backend\\controllers\\userController.mjs","statementMap":{"0":{"start":{"line":3,"column":16},"end":{"line":3,"column":18}},"1":{"start":{"line":6,"column":26},"end":{"line":18,"column":1}},"2":{"start":{"line":7,"column":27},"end":{"line":7,"column":60}},"3":{"start":{"line":8,"column":2},"end":{"line":10,"column":3}},"4":{"start":{"line":9,"column":4},"end":{"line":9,"column":74}},"5":{"start":{"line":11,"column":2},"end":{"line":17,"column":3}},"6":{"start":{"line":12,"column":20},"end":{"line":12,"column":44}},"7":{"start":{"line":13,"column":4},"end":{"line":13,"column":46}},"8":{"start":{"line":15,"column":23},"end":{"line":15,"column":26}},"9":{"start":{"line":16,"column":4},"end":{"line":16,"column":56}},"10":{"start":{"line":20,"column":24},"end":{"line":23,"column":1}},"11":{"start":{"line":21,"column":16},"end":{"line":21,"column":35}},"12":{"start":{"line":22,"column":2},"end":{"line":22,"column":25}},"13":{"start":{"line":25,"column":27},"end":{"line":32,"column":1}},"14":{"start":{"line":26,"column":17},"end":{"line":26,"column":55}},"15":{"start":{"line":27,"column":15},"end":{"line":27,"column":41}},"16":{"start":{"line":28,"column":2},"end":{"line":30,"column":3}},"17":{"start":{"line":29,"column":4},"end":{"line":29,"column":26}},"18":{"start":{"line":31,"column":2},"end":{"line":31,"column":48}},"19":{"start":{"line":34,"column":26},"end":{"line":52,"column":1}},"20":{"start":{"line":35,"column":27},"end":{"line":35,"column":56}},"21":{"start":{"line":36,"column":2},"end":{"line":38,"column":3}},"22":{"start":{"line":37,"column":4},"end":{"line":37,"column":69}},"23":{"start":{"line":40,"column":17},"end":{"line":40,"column":49}},"24":{"start":{"line":41,"column":15},"end":{"line":41,"column":41}},"25":{"start":{"line":42,"column":2},"end":{"line":42,"column":70}},"26":{"start":{"line":42,"column":13},"end":{"line":42,"column":70}},"27":{"start":{"line":44,"column":2},"end":{"line":51,"column":3}},"28":{"start":{"line":45,"column":24},"end":{"line":45,"column":56}},"29":{"start":{"line":46,"column":4},"end":{"line":46,"column":45}},"30":{"start":{"line":48,"column":4},"end":{"line":48,"column":21}},"31":{"start":{"line":49,"column":23},"end":{"line":49,"column":26}},"32":{"start":{"line":50,"column":4},"end":{"line":50,"column":51}},"33":{"start":{"line":54,"column":26},"end":{"line":61,"column":1}},"34":{"start":{"line":55,"column":17},"end":{"line":55,"column":49}},"35":{"start":{"line":56,"column":15},"end":{"line":56,"column":41}},"36":{"start":{"line":57,"column":2},"end":{"line":57,"column":70}},"37":{"start":{"line":57,"column":13},"end":{"line":57,"column":70}},"38":{"start":{"line":59,"column":2},"end":{"line":59,"column":54}},"39":{"start":{"line":60,"column":2},"end":{"line":60,"column":32}}},"fnMap":{"0":{"name":"(anonymous_0)","decl":{"start":{"line":6,"column":26},"end":{"line":6,"column":27}},"loc":{"start":{"line":6,"column":55},"end":{"line":18,"column":1}},"line":6},"1":{"name":"(anonymous_1)","decl":{"start":{"line":20,"column":24},"end":{"line":20,"column":25}},"loc":{"start":{"line":20,"column":44},"end":{"line":23,"column":1}},"line":20},"2":{"name":"(anonymous_2)","decl":{"start":{"line":25,"column":27},"end":{"line":25,"column":28}},"loc":{"start":{"line":25,"column":47},"end":{"line":32,"column":1}},"line":25},"3":{"name":"(anonymous_3)","decl":{"start":{"line":34,"column":26},"end":{"line":34,"column":27}},"loc":{"start":{"line":34,"column":46},"end":{"line":52,"column":1}},"line":34},"4":{"name":"(anonymous_4)","decl":{"start":{"line":54,"column":26},"end":{"line":54,"column":27}},"loc":{"start":{"line":54,"column":46},"end":{"line":61,"column":1}},"line":54}},"branchMap":{"0":{"loc":{"start":{"line":8,"column":2},"end":{"line":10,"column":3}},"type":"if","locations":[{"start":{"line":8,"column":2},"end":{"line":10,"column":3}},{"start":{},"end":{}}],"line":8},"1":{"loc":{"start":{"line":28,"column":2},"end":{"line":30,"column":3}},"type":"if","locations":[{"start":{"line":28,"column":2},"end":{"line":30,"column":3}},{"start":{},"end":{}}],"line":28},"2":{"loc":{"start":{"line":36,"column":2},"end":{"line":38,"column":3}},"type":"if","locations":[{"start":{"line":36,"column":2},"end":{"line":38,"column":3}},{"start":{},"end":{}}],"line":36},"3":{"loc":{"start":{"line":42,"column":2},"end":{"line":42,"column":70}},"type":"if","locations":[{"start":{"line":42,"column":2},"end":{"line":42,"column":70}},{"start":{},"end":{}}],"line":42},"4":{"loc":{"start":{"line":57,"column":2},"end":{"line":57,"column":70}},"type":"if","locations":[{"start":{"line":57,"column":2},"end":{"line":57,"column":70}},{"start":{},"end":{}}],"line":57}},"s":{"0":0,"1":0,"2":0,"3":0,"4":0,"5":0,"6":0,"7":0,"8":0,"9":0,"10":0,"11":0,"12":0,"13":0,"14":0,"15":0,"16":0,"17":0,"18":0,"19":0,"20":0,"21":0,"22":0,"23":0,"24":0,"25":0,"26":0,"27":0,"28":0,"29":0,"30":0,"31":0,"32":0,"33":0,"34":0,"35":0,"36":0,"37":0,"38":0,"39":0},"f":{"0":0,"1":0,"2":0,"3":0,"4":0},"b":{"0":[0,0],"1":[0,0],"2":[0,0],"3":[0,0],"4":[0,0]},"inputSourceMap":null}
,"D:\\binaracad\\fsw-platinum\\backend\\controllers\\userProfileController.mjs": {"path":"D:\\binaracad\\fsw-platinum\\backend\\controllers\\userProfileController.mjs","statementMap":{"0":{"start":{"line":7,"column":16},"end":{"line":7,"column":18}},"1":{"start":{"line":10,"column":33},"end":{"line":34,"column":1}},"2":{"start":{"line":11,"column":27},"end":{"line":11,"column":63}},"3":{"start":{"line":13,"column":2},"end":{"line":15,"column":3}},"4":{"start":{"line":14,"column":4},"end":{"line":14,"column":69}},"5":{"start":{"line":17,"column":17},"end":{"line":17,"column":49}},"6":{"start":{"line":18,"column":14},"end":{"line":18,"column":61}},"7":{"start":{"line":19,"column":18},"end":{"line":19,"column":59}},"8":{"start":{"line":20,"column":25},"end":{"line":20,"column":50}},"9":{"start":{"line":22,"column":2},"end":{"line":33,"column":3}},"10":{"start":{"line":23,"column":20},"end":{"line":27,"column":6}},"11":{"start":{"line":28,"column":4},"end":{"line":28,"column":41}},"12":{"start":{"line":30,"column":23},"end":{"line":30,"column":26}},"13":{"start":{"line":31,"column":4},"end":{"line":31,"column":23}},"14":{"start":{"line":32,"column":4},"end":{"line":32,"column":51}},"15":{"start":{"line":36,"column":31},"end":{"line":58,"column":1}},"16":{"start":{"line":37,"column":27},"end":{"line":37,"column":67}},"17":{"start":{"line":38,"column":2},"end":{"line":40,"column":3}},"18":{"start":{"line":39,"column":4},"end":{"line":39,"column":69}},"19":{"start":{"line":42,"column":17},"end":{"line":42,"column":55}},"20":{"start":{"line":43,"column":2},"end":{"line":48,"column":3}},"21":{"start":{"line":44,"column":16},"end":{"line":44,"column":63}},"22":{"start":{"line":45,"column":18},"end":{"line":45,"column":62}},"23":{"start":{"line":46,"column":27},"end":{"line":46,"column":52}},"24":{"start":{"line":47,"column":4},"end":{"line":47,"column":24}},"25":{"start":{"line":50,"column":2},"end":{"line":57,"column":3}},"26":{"start":{"line":51,"column":20},"end":{"line":51,"column":59}},"27":{"start":{"line":52,"column":4},"end":{"line":52,"column":41}},"28":{"start":{"line":54,"column":23},"end":{"line":54,"column":28}},"29":{"start":{"line":55,"column":4},"end":{"line":55,"column":25}},"30":{"start":{"line":56,"column":4},"end":{"line":56,"column":51}},"31":{"start":{"line":60,"column":30},"end":{"line":67,"column":1}},"32":{"start":{"line":61,"column":17},"end":{"line":61,"column":49}},"33":{"start":{"line":62,"column":18},"end":{"line":62,"column":55}},"34":{"start":{"line":63,"column":2},"end":{"line":65,"column":3}},"35":{"start":{"line":64,"column":4},"end":{"line":64,"column":69}},"36":{"start":{"line":66,"column":2},"end":{"line":66,"column":39}}},"fnMap":{"0":{"name":"(anonymous_0)","decl":{"start":{"line":10,"column":33},"end":{"line":10,"column":34}},"loc":{"start":{"line":10,"column":53},"end":{"line":34,"column":1}},"line":10},"1":{"name":"(anonymous_1)","decl":{"start":{"line":36,"column":31},"end":{"line":36,"column":32}},"loc":{"start":{"line":36,"column":51},"end":{"line":58,"column":1}},"line":36},"2":{"name":"(anonymous_2)","decl":{"start":{"line":60,"column":30},"end":{"line":60,"column":31}},"loc":{"start":{"line":60,"column":50},"end":{"line":67,"column":1}},"line":60}},"branchMap":{"0":{"loc":{"start":{"line":13,"column":2},"end":{"line":15,"column":3}},"type":"if","locations":[{"start":{"line":13,"column":2},"end":{"line":15,"column":3}},{"start":{},"end":{}}],"line":13},"1":{"loc":{"start":{"line":38,"column":2},"end":{"line":40,"column":3}},"type":"if","locations":[{"start":{"line":38,"column":2},"end":{"line":40,"column":3}},{"start":{},"end":{}}],"line":38},"2":{"loc":{"start":{"line":43,"column":2},"end":{"line":48,"column":3}},"type":"if","locations":[{"start":{"line":43,"column":2},"end":{"line":48,"column":3}},{"start":{},"end":{}}],"line":43},"3":{"loc":{"start":{"line":63,"column":2},"end":{"line":65,"column":3}},"type":"if","locations":[{"start":{"line":63,"column":2},"end":{"line":65,"column":3}},{"start":{},"end":{}}],"line":63}},"s":{"0":0,"1":0,"2":0,"3":0,"4":0,"5":0,"6":0,"7":0,"8":0,"9":0,"10":0,"11":0,"12":0,"13":0,"14":0,"15":0,"16":0,"17":0,"18":0,"19":0,"20":0,"21":0,"22":0,"23":0,"24":0,"25":0,"26":0,"27":0,"28":0,"29":0,"30":0,"31":0,"32":0,"33":0,"34":0,"35":0,"36":0},"f":{"0":0,"1":0,"2":0},"b":{"0":[0,0],"1":[0,0],"2":[0,0],"3":[0,0]},"inputSourceMap":null}
,"D:\\binaracad\\fsw-platinum\\backend\\lib\\cloudinary.mjs": {"path":"D:\\binaracad\\fsw-platinum\\backend\\lib\\cloudinary.mjs","statementMap":{"0":{"start":{"line":4,"column":0},"end":{"line":4,"column":16}},"1":{"start":{"line":7,"column":2},"end":{"line":11,"column":5}},"2":{"start":{"line":13,"column":2},"end":{"line":15,"column":5}}},"fnMap":{"0":{"name":"upload","decl":{"start":{"line":5,"column":22},"end":{"line":5,"column":28}},"loc":{"start":{"line":5,"column":35},"end":{"line":16,"column":1}},"line":5}},"branchMap":{},"s":{"0":0,"1":0,"2":0},"f":{"0":0},"b":{},"inputSourceMap":null}
,"D:\\binaracad\\fsw-platinum\\backend\\lib\\email.mjs": {"path":"D:\\binaracad\\fsw-platinum\\backend\\lib\\email.mjs","statementMap":{"0":{"start":{"line":4,"column":0},"end":{"line":4,"column":16}},"1":{"start":{"line":6,"column":20},"end":{"line":14,"column":2}},"2":{"start":{"line":17,"column":19},"end":{"line":17,"column":74}},"3":{"start":{"line":19,"column":22},"end":{"line":27,"column":3}},"4":{"start":{"line":29,"column":2},"end":{"line":34,"column":3}},"5":{"start":{"line":30,"column":17},"end":{"line":30,"column":56}},"6":{"start":{"line":31,"column":4},"end":{"line":31,"column":48}},"7":{"start":{"line":33,"column":4},"end":{"line":33,"column":49}}},"fnMap":{"0":{"name":"sendResetPasswordEmail","decl":{"start":{"line":16,"column":22},"end":{"line":16,"column":44}},"loc":{"start":{"line":16,"column":65},"end":{"line":35,"column":1}},"line":16}},"branchMap":{},"s":{"0":0,"1":0,"2":0,"3":0,"4":0,"5":0,"6":0,"7":0},"f":{"0":0},"b":{},"inputSourceMap":null}
,"D:\\binaracad\\fsw-platinum\\backend\\lib\\jwt.mjs": {"path":"D:\\binaracad\\fsw-platinum\\backend\\lib\\jwt.mjs","statementMap":{"0":{"start":{"line":4,"column":0},"end":{"line":4,"column":16}},"1":{"start":{"line":6,"column":17},"end":{"line":6,"column":21}},"2":{"start":{"line":8,"column":18},"end":{"line":11,"column":3}},"3":{"start":{"line":13,"column":16},"end":{"line":16,"column":4}},"4":{"start":{"line":18,"column":2},"end":{"line":20,"column":4}},"5":{"start":{"line":24,"column":2},"end":{"line":24,"column":72}}},"fnMap":{"0":{"name":"generateJWT","decl":{"start":{"line":5,"column":16},"end":{"line":5,"column":27}},"loc":{"start":{"line":5,"column":77},"end":{"line":21,"column":1}},"line":5},"1":{"name":"decodeJwt","decl":{"start":{"line":23,"column":16},"end":{"line":23,"column":25}},"loc":{"start":{"line":23,"column":61},"end":{"line":25,"column":1}},"line":23}},"branchMap":{"0":{"loc":{"start":{"line":5,"column":36},"end":{"line":5,"column":52}},"type":"default-arg","locations":[{"start":{"line":5,"column":48},"end":{"line":5,"column":52}}],"line":5},"1":{"loc":{"start":{"line":5,"column":54},"end":{"line":5,"column":73}},"type":"default-arg","locations":[{"start":{"line":5,"column":66},"end":{"line":5,"column":73}}],"line":5},"2":{"loc":{"start":{"line":23,"column":35},"end":{"line":23,"column":57}},"type":"default-arg","locations":[{"start":{"line":23,"column":48},"end":{"line":23,"column":57}}],"line":23}},"s":{"0":0,"1":0,"2":0,"3":0,"4":0,"5":0},"f":{"0":0,"1":0},"b":{"0":[0],"1":[0],"2":[0]},"inputSourceMap":null}
,"D:\\binaracad\\fsw-platinum\\backend\\lib\\passportStrategy.mjs": {"path":"D:\\binaracad\\fsw-platinum\\backend\\lib\\passportStrategy.mjs","statementMap":{"0":{"start":{"line":5,"column":0},"end":{"line":5,"column":16}},"1":{"start":{"line":7,"column":13},"end":{"line":10,"column":1}},"2":{"start":{"line":12,"column":17},"end":{"line":24,"column":2}},"3":{"start":{"line":14,"column":2},"end":{"line":18,"column":3}},"4":{"start":{"line":15,"column":4},"end":{"line":15,"column":40}},"5":{"start":{"line":17,"column":4},"end":{"line":17,"column":23}},"6":{"start":{"line":20,"column":2},"end":{"line":22,"column":3}},"7":{"start":{"line":21,"column":4},"end":{"line":21,"column":28}},"8":{"start":{"line":23,"column":2},"end":{"line":23,"column":27}}},"fnMap":{"0":{"name":"(anonymous_0)","decl":{"start":{"line":12,"column":36},"end":{"line":12,"column":37}},"loc":{"start":{"line":12,"column":61},"end":{"line":24,"column":1}},"line":12}},"branchMap":{"0":{"loc":{"start":{"line":20,"column":2},"end":{"line":22,"column":3}},"type":"if","locations":[{"start":{"line":20,"column":2},"end":{"line":22,"column":3}},{"start":{},"end":{}}],"line":20}},"s":{"0":0,"1":0,"2":0,"3":0,"4":0,"5":0,"6":0,"7":0,"8":0},"f":{"0":0},"b":{"0":[0,0]},"inputSourceMap":null}
,"D:\\binaracad\\fsw-platinum\\backend\\middleware\\jsonError.mjs": {"path":"D:\\binaracad\\fsw-platinum\\backend\\middleware\\jsonError.mjs","statementMap":{"0":{"start":{"line":2,"column":2},"end":{"line":4,"column":3}},"1":{"start":{"line":3,"column":4},"end":{"line":3,"column":59}},"2":{"start":{"line":5,"column":2},"end":{"line":5,"column":9}},"3":{"start":{"line":6,"column":2},"end":{"line":6,"column":13}}},"fnMap":{"0":{"name":"jsonErrorMiddleware","decl":{"start":{"line":1,"column":24},"end":{"line":1,"column":43}},"loc":{"start":{"line":1,"column":65},"end":{"line":7,"column":1}},"line":1}},"branchMap":{"0":{"loc":{"start":{"line":2,"column":2},"end":{"line":4,"column":3}},"type":"if","locations":[{"start":{"line":2,"column":2},"end":{"line":4,"column":3}},{"start":{},"end":{}}],"line":2},"1":{"loc":{"start":{"line":2,"column":6},"end":{"line":2,"column":71}},"type":"binary-expr","locations":[{"start":{"line":2,"column":6},"end":{"line":2,"column":32}},{"start":{"line":2,"column":36},"end":{"line":2,"column":54}},{"start":{"line":2,"column":58},"end":{"line":2,"column":71}}],"line":2}},"s":{"0":0,"1":0,"2":0,"3":0},"f":{"0":0},"b":{"0":[0,0],"1":[0,0,0]},"inputSourceMap":null}
,"D:\\binaracad\\fsw-platinum\\backend\\middleware\\multer.mjs": {"path":"D:\\binaracad\\fsw-platinum\\backend\\middleware\\multer.mjs","statementMap":{"0":{"start":{"line":3,"column":16},"end":{"line":3,"column":42}},"1":{"start":{"line":4,"column":15},"end":{"line":4,"column":43}}},"fnMap":{},"branchMap":{},"s":{"0":0,"1":0},"f":{},"b":{},"inputSourceMap":null}
,"D:\\binaracad\\fsw-platinum\\backend\\models\\classesModel.mjs": {"path":"D:\\binaracad\\fsw-platinum\\backend\\models\\classesModel.mjs","statementMap":{"0":{"start":{"line":5,"column":21},"end":{"line":7,"column":22}},"1":{"start":{"line":8,"column":4},"end":{"line":8,"column":27}},"2":{"start":{"line":12,"column":4},"end":{"line":12,"column":37}},"3":{"start":{"line":16,"column":4},"end":{"line":16,"column":47}},"4":{"start":{"line":20,"column":4},"end":{"line":20,"column":52}},"5":{"start":{"line":24,"column":4},"end":{"line":24,"column":44}}},"fnMap":{"0":{"name":"(anonymous_0)","decl":{"start":{"line":4,"column":2},"end":{"line":4,"column":3}},"loc":{"start":{"line":4,"column":28},"end":{"line":9,"column":3}},"line":4},"1":{"name":"(anonymous_1)","decl":{"start":{"line":11,"column":2},"end":{"line":11,"column":3}},"loc":{"start":{"line":11,"column":18},"end":{"line":13,"column":3}},"line":11},"2":{"name":"(anonymous_2)","decl":{"start":{"line":15,"column":2},"end":{"line":15,"column":3}},"loc":{"start":{"line":15,"column":21},"end":{"line":17,"column":3}},"line":15},"3":{"name":"(anonymous_3)","decl":{"start":{"line":19,"column":2},"end":{"line":19,"column":3}},"loc":{"start":{"line":19,"column":32},"end":{"line":21,"column":3}},"line":19},"4":{"name":"(anonymous_4)","decl":{"start":{"line":23,"column":2},"end":{"line":23,"column":3}},"loc":{"start":{"line":23,"column":26},"end":{"line":25,"column":3}},"line":23}},"branchMap":{},"s":{"0":0,"1":0,"2":0,"3":0,"4":0,"5":0},"f":{"0":0,"1":0,"2":0,"3":0,"4":0},"b":{},"inputSourceMap":null}
,"D:\\binaracad\\fsw-platinum\\backend\\models\\studentsModel.mjs": {"path":"D:\\binaracad\\fsw-platinum\\backend\\models\\studentsModel.mjs","statementMap":{"0":{"start":{"line":5,"column":21},"end":{"line":7,"column":22}},"1":{"start":{"line":8,"column":4},"end":{"line":8,"column":27}},"2":{"start":{"line":12,"column":4},"end":{"line":12,"column":38}},"3":{"start":{"line":16,"column":4},"end":{"line":16,"column":48}},"4":{"start":{"line":20,"column":4},"end":{"line":20,"column":58}},"5":{"start":{"line":24,"column":4},"end":{"line":24,"column":53}},"6":{"start":{"line":28,"column":4},"end":{"line":28,"column":45}}},"fnMap":{"0":{"name":"(anonymous_0)","decl":{"start":{"line":4,"column":2},"end":{"line":4,"column":3}},"loc":{"start":{"line":4,"column":28},"end":{"line":9,"column":3}},"line":4},"1":{"name":"(anonymous_1)","decl":{"start":{"line":11,"column":2},"end":{"line":11,"column":3}},"loc":{"start":{"line":11,"column":18},"end":{"line":13,"column":3}},"line":11},"2":{"name":"(anonymous_2)","decl":{"start":{"line":15,"column":2},"end":{"line":15,"column":3}},"loc":{"start":{"line":15,"column":21},"end":{"line":17,"column":3}},"line":15},"3":{"name":"(anonymous_3)","decl":{"start":{"line":19,"column":2},"end":{"line":19,"column":3}},"loc":{"start":{"line":19,"column":32},"end":{"line":21,"column":3}},"line":19},"4":{"name":"(anonymous_4)","decl":{"start":{"line":23,"column":2},"end":{"line":23,"column":3}},"loc":{"start":{"line":23,"column":32},"end":{"line":25,"column":3}},"line":23},"5":{"name":"(anonymous_5)","decl":{"start":{"line":27,"column":2},"end":{"line":27,"column":3}},"loc":{"start":{"line":27,"column":26},"end":{"line":29,"column":3}},"line":27}},"branchMap":{},"s":{"0":0,"1":0,"2":0,"3":0,"4":0,"5":0,"6":0},"f":{"0":0,"1":0,"2":0,"3":0,"4":0,"5":0},"b":{},"inputSourceMap":null}
,"D:\\binaracad\\fsw-platinum\\backend\\models\\subjectsModel.mjs": {"path":"D:\\binaracad\\fsw-platinum\\backend\\models\\subjectsModel.mjs","statementMap":{"0":{"start":{"line":5,"column":21},"end":{"line":7,"column":22}},"1":{"start":{"line":8,"column":4},"end":{"line":8,"column":27}},"2":{"start":{"line":12,"column":4},"end":{"line":12,"column":38}},"3":{"start":{"line":16,"column":4},"end":{"line":16,"column":48}},"4":{"start":{"line":20,"column":4},"end":{"line":20,"column":53}},"5":{"start":{"line":24,"column":4},"end":{"line":24,"column":45}}},"fnMap":{"0":{"name":"(anonymous_0)","decl":{"start":{"line":4,"column":2},"end":{"line":4,"column":3}},"loc":{"start":{"line":4,"column":28},"end":{"line":9,"column":3}},"line":4},"1":{"name":"(anonymous_1)","decl":{"start":{"line":11,"column":2},"end":{"line":11,"column":3}},"loc":{"start":{"line":11,"column":18},"end":{"line":13,"column":3}},"line":11},"2":{"name":"(anonymous_2)","decl":{"start":{"line":15,"column":2},"end":{"line":15,"column":3}},"loc":{"start":{"line":15,"column":21},"end":{"line":17,"column":3}},"line":15},"3":{"name":"(anonymous_3)","decl":{"start":{"line":19,"column":2},"end":{"line":19,"column":3}},"loc":{"start":{"line":19,"column":32},"end":{"line":21,"column":3}},"line":19},"4":{"name":"(anonymous_4)","decl":{"start":{"line":23,"column":2},"end":{"line":23,"column":3}},"loc":{"start":{"line":23,"column":26},"end":{"line":25,"column":3}},"line":23}},"branchMap":{},"s":{"0":0,"1":0,"2":0,"3":0,"4":0,"5":0},"f":{"0":0,"1":0,"2":0,"3":0,"4":0},"b":{},"inputSourceMap":null}
,"D:\\binaracad\\fsw-platinum\\backend\\models\\teachersModel.mjs": {"path":"D:\\binaracad\\fsw-platinum\\backend\\models\\teachersModel.mjs","statementMap":{"0":{"start":{"line":5,"column":21},"end":{"line":7,"column":22}},"1":{"start":{"line":8,"column":4},"end":{"line":8,"column":27}},"2":{"start":{"line":12,"column":4},"end":{"line":12,"column":38}},"3":{"start":{"line":16,"column":4},"end":{"line":16,"column":48}},"4":{"start":{"line":20,"column":4},"end":{"line":20,"column":53}},"5":{"start":{"line":24,"column":4},"end":{"line":24,"column":45}}},"fnMap":{"0":{"name":"(anonymous_0)","decl":{"start":{"line":4,"column":2},"end":{"line":4,"column":3}},"loc":{"start":{"line":4,"column":28},"end":{"line":9,"column":3}},"line":4},"1":{"name":"(anonymous_1)","decl":{"start":{"line":11,"column":2},"end":{"line":11,"column":3}},"loc":{"start":{"line":11,"column":18},"end":{"line":13,"column":3}},"line":11},"2":{"name":"(anonymous_2)","decl":{"start":{"line":15,"column":2},"end":{"line":15,"column":3}},"loc":{"start":{"line":15,"column":21},"end":{"line":17,"column":3}},"line":15},"3":{"name":"(anonymous_3)","decl":{"start":{"line":19,"column":2},"end":{"line":19,"column":3}},"loc":{"start":{"line":19,"column":32},"end":{"line":21,"column":3}},"line":19},"4":{"name":"(anonymous_4)","decl":{"start":{"line":23,"column":2},"end":{"line":23,"column":3}},"loc":{"start":{"line":23,"column":26},"end":{"line":25,"column":3}},"line":23}},"branchMap":{},"s":{"0":0,"1":0,"2":0,"3":0,"4":0,"5":0},"f":{"0":0,"1":0,"2":0,"3":0,"4":0},"b":{},"inputSourceMap":null}
,"D:\\binaracad\\fsw-platinum\\backend\\models\\teachingNotesModel.mjs": {"path":"D:\\binaracad\\fsw-platinum\\backend\\models\\teachingNotesModel.mjs","statementMap":{"0":{"start":{"line":5,"column":21},"end":{"line":7,"column":22}},"1":{"start":{"line":8,"column":4},"end":{"line":8,"column":27}},"2":{"start":{"line":12,"column":4},"end":{"line":12,"column":44}},"3":{"start":{"line":16,"column":4},"end":{"line":16,"column":54}},"4":{"start":{"line":20,"column":4},"end":{"line":24,"column":32}},"5":{"start":{"line":28,"column":4},"end":{"line":28,"column":59}},"6":{"start":{"line":32,"column":4},"end":{"line":32,"column":51}}},"fnMap":{"0":{"name":"(anonymous_0)","decl":{"start":{"line":4,"column":2},"end":{"line":4,"column":3}},"loc":{"start":{"line":4,"column":28},"end":{"line":9,"column":3}},"line":4},"1":{"name":"(anonymous_1)","decl":{"start":{"line":11,"column":2},"end":{"line":11,"column":3}},"loc":{"start":{"line":11,"column":18},"end":{"line":13,"column":3}},"line":11},"2":{"name":"(anonymous_2)","decl":{"start":{"line":15,"column":2},"end":{"line":15,"column":3}},"loc":{"start":{"line":15,"column":21},"end":{"line":17,"column":3}},"line":15},"3":{"name":"(anonymous_3)","decl":{"start":{"line":19,"column":2},"end":{"line":19,"column":3}},"loc":{"start":{"line":19,"column":61},"end":{"line":25,"column":3}},"line":19},"4":{"name":"(anonymous_4)","decl":{"start":{"line":27,"column":2},"end":{"line":27,"column":3}},"loc":{"start":{"line":27,"column":32},"end":{"line":29,"column":3}},"line":27},"5":{"name":"(anonymous_5)","decl":{"start":{"line":31,"column":2},"end":{"line":31,"column":3}},"loc":{"start":{"line":31,"column":26},"end":{"line":33,"column":3}},"line":31}},"branchMap":{},"s":{"0":0,"1":0,"2":0,"3":0,"4":0,"5":0,"6":0},"f":{"0":0,"1":0,"2":0,"3":0,"4":0,"5":0},"b":{},"inputSourceMap":null}
,"D:\\binaracad\\fsw-platinum\\backend\\models\\userModel.mjs": {"path":"D:\\binaracad\\fsw-platinum\\backend\\models\\userModel.mjs","statementMap":{"0":{"start":{"line":4,"column":19},"end":{"line":4,"column":21}},"1":{"start":{"line":8,"column":27},"end":{"line":8,"column":66}},"2":{"start":{"line":9,"column":21},"end":{"line":14,"column":22}},"3":{"start":{"line":15,"column":4},"end":{"line":15,"column":27}},"4":{"start":{"line":19,"column":4},"end":{"line":19,"column":35}},"5":{"start":{"line":23,"column":4},"end":{"line":23,"column":45}},"6":{"start":{"line":27,"column":39},"end":{"line":27,"column":43}},"7":{"start":{"line":28,"column":23},"end":{"line":28,"column":39}},"8":{"start":{"line":29,"column":4},"end":{"line":32,"column":5}},"9":{"start":{"line":30,"column":29},"end":{"line":30,"column":68}},"10":{"start":{"line":31,"column":6},"end":{"line":31,"column":43}},"11":{"start":{"line":34,"column":4},"end":{"line":34,"column":55}},"12":{"start":{"line":35,"column":4},"end":{"line":35,"column":33}},"13":{"start":{"line":39,"column":4},"end":{"line":39,"column":42}},"14":{"start":{"line":43,"column":17},"end":{"line":43,"column":59}},"15":{"start":{"line":45,"column":4},"end":{"line":47,"column":5}},"16":{"start":{"line":46,"column":6},"end":{"line":46,"column":46}},"17":{"start":{"line":49,"column":4},"end":{"line":54,"column":5}},"18":{"start":{"line":50,"column":32},"end":{"line":50,"column":77}},"19":{"start":{"line":51,"column":6},"end":{"line":53,"column":7}},"20":{"start":{"line":52,"column":8},"end":{"line":52,"column":46}},"21":{"start":{"line":55,"column":4},"end":{"line":55,"column":16}}},"fnMap":{"0":{"name":"(anonymous_0)","decl":{"start":{"line":7,"column":2},"end":{"line":7,"column":3}},"loc":{"start":{"line":7,"column":45},"end":{"line":16,"column":3}},"line":7},"1":{"name":"(anonymous_1)","decl":{"start":{"line":18,"column":2},"end":{"line":18,"column":3}},"loc":{"start":{"line":18,"column":18},"end":{"line":20,"column":3}},"line":18},"2":{"name":"(anonymous_2)","decl":{"start":{"line":22,"column":2},"end":{"line":22,"column":3}},"loc":{"start":{"line":22,"column":21},"end":{"line":24,"column":3}},"line":22},"3":{"name":"(anonymous_3)","decl":{"start":{"line":26,"column":2},"end":{"line":26,"column":3}},"loc":{"start":{"line":26,"column":32},"end":{"line":36,"column":3}},"line":26},"4":{"name":"(anonymous_4)","decl":{"start":{"line":38,"column":2},"end":{"line":38,"column":3}},"loc":{"start":{"line":38,"column":26},"end":{"line":40,"column":3}},"line":38},"5":{"name":"(anonymous_5)","decl":{"start":{"line":42,"column":2},"end":{"line":42,"column":3}},"loc":{"start":{"line":42,"column":74},"end":{"line":56,"column":3}},"line":42}},"branchMap":{"0":{"loc":{"start":{"line":29,"column":4},"end":{"line":32,"column":5}},"type":"if","locations":[{"start":{"line":29,"column":4},"end":{"line":32,"column":5}},{"start":{},"end":{}}],"line":29},"1":{"loc":{"start":{"line":42,"column":53},"end":{"line":42,"column":70}},"type":"default-arg","locations":[{"start":{"line":42,"column":66},"end":{"line":42,"column":70}}],"line":42},"2":{"loc":{"start":{"line":45,"column":4},"end":{"line":47,"column":5}},"type":"if","locations":[{"start":{"line":45,"column":4},"end":{"line":47,"column":5}},{"start":{},"end":{}}],"line":45},"3":{"loc":{"start":{"line":49,"column":4},"end":{"line":54,"column":5}},"type":"if","locations":[{"start":{"line":49,"column":4},"end":{"line":54,"column":5}},{"start":{},"end":{}}],"line":49},"4":{"loc":{"start":{"line":51,"column":6},"end":{"line":53,"column":7}},"type":"if","locations":[{"start":{"line":51,"column":6},"end":{"line":53,"column":7}},{"start":{},"end":{}}],"line":51},"5":{"loc":{"start":{"line":51,"column":10},"end":{"line":51,"column":42}},"type":"binary-expr","locations":[{"start":{"line":51,"column":10},"end":{"line":51,"column":28}},{"start":{"line":51,"column":32},"end":{"line":51,"column":42}}],"line":51}},"s":{"0":0,"1":0,"2":0,"3":0,"4":0,"5":0,"6":0,"7":0,"8":0,"9":0,"10":0,"11":0,"12":0,"13":0,"14":0,"15":0,"16":0,"17":0,"18":0,"19":0,"20":0,"21":0},"f":{"0":0,"1":0,"2":0,"3":0,"4":0,"5":0},"b":{"0":[0,0],"1":[0],"2":[0,0],"3":[0,0],"4":[0,0],"5":[0,0]},"inputSourceMap":null}
,"D:\\binaracad\\fsw-platinum\\backend\\models\\userProfileModel.mjs": {"path":"D:\\binaracad\\fsw-platinum\\backend\\models\\userProfileModel.mjs","statementMap":{"0":{"start":{"line":6,"column":21},"end":{"line":6,"column":75}},"1":{"start":{"line":7,"column":4},"end":{"line":7,"column":27}},"2":{"start":{"line":11,"column":4},"end":{"line":11,"column":66}},"3":{"start":{"line":12,"column":4},"end":{"line":12,"column":16}},"4":{"start":{"line":16,"column":4},"end":{"line":16,"column":50}},"5":{"start":{"line":20,"column":4},"end":{"line":20,"column":66}}},"fnMap":{"0":{"name":"(anonymous_0)","decl":{"start":{"line":5,"column":2},"end":{"line":5,"column":3}},"loc":{"start":{"line":5,"column":28},"end":{"line":8,"column":3}},"line":5},"1":{"name":"(anonymous_1)","decl":{"start":{"line":10,"column":2},"end":{"line":10,"column":3}},"loc":{"start":{"line":10,"column":32},"end":{"line":13,"column":3}},"line":10},"2":{"name":"(anonymous_2)","decl":{"start":{"line":15,"column":2},"end":{"line":15,"column":3}},"loc":{"start":{"line":15,"column":26},"end":{"line":17,"column":3}},"line":15},"3":{"name":"(anonymous_3)","decl":{"start":{"line":19,"column":2},"end":{"line":19,"column":3}},"loc":{"start":{"line":19,"column":29},"end":{"line":21,"column":3}},"line":19}},"branchMap":{},"s":{"0":0,"1":0,"2":0,"3":0,"4":0,"5":0},"f":{"0":0,"1":0,"2":0,"3":0},"b":{},"inputSourceMap":null}
,"D:\\binaracad\\fsw-platinum\\backend\\routes\\authRoute.mjs": {"path":"D:\\binaracad\\fsw-platinum\\backend\\routes\\authRoute.mjs","statementMap":{"0":{"start":{"line":155,"column":15},"end":{"line":155,"column":31}},"1":{"start":{"line":156,"column":0},"end":{"line":156,"column":29}},"2":{"start":{"line":157,"column":0},"end":{"line":157,"column":37}},"3":{"start":{"line":158,"column":0},"end":{"line":158,"column":54}}},"fnMap":{},"branchMap":{},"s":{"0":0,"1":0,"2":0,"3":0},"f":{},"b":{},"inputSourceMap":null}
,"D:\\binaracad\\fsw-platinum\\backend\\routes\\classesRoute.mjs": {"path":"D:\\binaracad\\fsw-platinum\\backend\\routes\\classesRoute.mjs","statementMap":{"0":{"start":{"line":136,"column":15},"end":{"line":136,"column":31}},"1":{"start":{"line":138,"column":0},"end":{"line":138,"column":29}},"2":{"start":{"line":139,"column":0},"end":{"line":139,"column":28}},"3":{"start":{"line":140,"column":0},"end":{"line":140,"column":32}},"4":{"start":{"line":141,"column":0},"end":{"line":141,"column":31}},"5":{"start":{"line":142,"column":0},"end":{"line":142,"column":34}}},"fnMap":{},"branchMap":{},"s":{"0":0,"1":0,"2":0,"3":0,"4":0,"5":0},"f":{},"b":{},"inputSourceMap":null}
,"D:\\binaracad\\fsw-platinum\\backend\\routes\\index.mjs": {"path":"D:\\binaracad\\fsw-platinum\\backend\\routes\\index.mjs","statementMap":{"0":{"start":{"line":10,"column":15},"end":{"line":10,"column":31}},"1":{"start":{"line":12,"column":0},"end":{"line":12,"column":32}},"2":{"start":{"line":13,"column":0},"end":{"line":13,"column":37}},"3":{"start":{"line":14,"column":0},"end":{"line":14,"column":39}},"4":{"start":{"line":15,"column":0},"end":{"line":15,"column":39}},"5":{"start":{"line":16,"column":0},"end":{"line":16,"column":50}},"6":{"start":{"line":17,"column":0},"end":{"line":17,"column":39}},"7":{"start":{"line":18,"column":0},"end":{"line":18,"column":32}},"8":{"start":{"line":19,"column":0},"end":{"line":19,"column":31}},"9":{"start":{"line":20,"column":0},"end":{"line":20,"column":48}}},"fnMap":{},"branchMap":{},"s":{"0":0,"1":0,"2":0,"3":0,"4":0,"5":0,"6":0,"7":0,"8":0,"9":0},"f":{},"b":{},"inputSourceMap":null}
,"D:\\binaracad\\fsw-platinum\\backend\\routes\\studentsRoute.mjs": {"path":"D:\\binaracad\\fsw-platinum\\backend\\routes\\studentsRoute.mjs","statementMap":{"0":{"start":{"line":153,"column":15},"end":{"line":153,"column":31}},"1":{"start":{"line":155,"column":0},"end":{"line":155,"column":32}},"2":{"start":{"line":156,"column":0},"end":{"line":156,"column":28}},"3":{"start":{"line":157,"column":0},"end":{"line":157,"column":32}},"4":{"start":{"line":158,"column":0},"end":{"line":158,"column":31}},"5":{"start":{"line":159,"column":0},"end":{"line":159,"column":34}}},"fnMap":{},"branchMap":{},"s":{"0":0,"1":0,"2":0,"3":0,"4":0,"5":0},"f":{},"b":{},"inputSourceMap":null}
,"D:\\binaracad\\fsw-platinum\\backend\\routes\\subjectsRoute.mjs": {"path":"D:\\binaracad\\fsw-platinum\\backend\\routes\\subjectsRoute.mjs","statementMap":{"0":{"start":{"line":135,"column":15},"end":{"line":135,"column":31}},"1":{"start":{"line":137,"column":0},"end":{"line":137,"column":29}},"2":{"start":{"line":138,"column":0},"end":{"line":138,"column":28}},"3":{"start":{"line":139,"column":0},"end":{"line":139,"column":32}},"4":{"start":{"line":140,"column":0},"end":{"line":140,"column":31}},"5":{"start":{"line":141,"column":0},"end":{"line":141,"column":34}}},"fnMap":{},"branchMap":{},"s":{"0":0,"1":0,"2":0,"3":0,"4":0,"5":0},"f":{},"b":{},"inputSourceMap":null}
,"D:\\binaracad\\fsw-platinum\\backend\\routes\\teachersRoute.mjs": {"path":"D:\\binaracad\\fsw-platinum\\backend\\routes\\teachersRoute.mjs","statementMap":{"0":{"start":{"line":142,"column":15},"end":{"line":142,"column":31}},"1":{"start":{"line":144,"column":0},"end":{"line":144,"column":29}},"2":{"start":{"line":145,"column":0},"end":{"line":145,"column":28}},"3":{"start":{"line":146,"column":0},"end":{"line":146,"column":32}},"4":{"start":{"line":147,"column":0},"end":{"line":147,"column":31}},"5":{"start":{"line":148,"column":0},"end":{"line":148,"column":34}}},"fnMap":{},"branchMap":{},"s":{"0":0,"1":0,"2":0,"3":0,"4":0,"5":0},"f":{},"b":{},"inputSourceMap":null}
,"D:\\binaracad\\fsw-platinum\\backend\\routes\\teachingNotesRoute.mjs": {"path":"D:\\binaracad\\fsw-platinum\\backend\\routes\\teachingNotesRoute.mjs","statementMap":{"0":{"start":{"line":216,"column":15},"end":{"line":216,"column":31}},"1":{"start":{"line":218,"column":0},"end":{"line":218,"column":48}},"2":{"start":{"line":219,"column":0},"end":{"line":219,"column":28}},"3":{"start":{"line":220,"column":0},"end":{"line":220,"column":32}},"4":{"start":{"line":221,"column":0},"end":{"line":221,"column":42}},"5":{"start":{"line":222,"column":0},"end":{"line":222,"column":34}}},"fnMap":{},"branchMap":{},"s":{"0":0,"1":0,"2":0,"3":0,"4":0,"5":0},"f":{},"b":{},"inputSourceMap":null}
,"D:\\binaracad\\fsw-platinum\\backend\\routes\\userProfileRoutes.mjs": {"path":"D:\\binaracad\\fsw-platinum\\backend\\routes\\userProfileRoutes.mjs","statementMap":{"0":{"start":{"line":149,"column":15},"end":{"line":149,"column":31}},"1":{"start":{"line":151,"column":0},"end":{"line":156,"column":2}},"2":{"start":{"line":157,"column":0},"end":{"line":162,"column":2}},"3":{"start":{"line":164,"column":0},"end":{"line":168,"column":2}}},"fnMap":{},"branchMap":{},"s":{"0":0,"1":0,"2":0,"3":0},"f":{},"b":{},"inputSourceMap":null}
,"D:\\binaracad\\fsw-platinum\\backend\\routes\\userRoute.mjs": {"path":"D:\\binaracad\\fsw-platinum\\backend\\routes\\userRoute.mjs","statementMap":{"0":{"start":{"line":162,"column":15},"end":{"line":162,"column":31}},"1":{"start":{"line":163,"column":0},"end":{"line":163,"column":26}},"2":{"start":{"line":164,"column":0},"end":{"line":168,"column":2}},"3":{"start":{"line":169,"column":0},"end":{"line":169,"column":29}},"4":{"start":{"line":170,"column":0},"end":{"line":174,"column":2}},"5":{"start":{"line":175,"column":0},"end":{"line":179,"column":2}}},"fnMap":{},"branchMap":{},"s":{"0":0,"1":0,"2":0,"3":0,"4":0,"5":0},"f":{},"b":{},"inputSourceMap":null}
,"D:\\binaracad\\fsw-platinum\\backend\\schema\\authSchema.mjs": {"path":"D:\\binaracad\\fsw-platinum\\backend\\schema\\authSchema.mjs","statementMap":{"0":{"start":{"line":4,"column":27},"end":{"line":7,"column":2}},"1":{"start":{"line":9,"column":35},"end":{"line":11,"column":2}},"2":{"start":{"line":13,"column":43},"end":{"line":21,"column":2}}},"fnMap":{},"branchMap":{},"s":{"0":1,"1":1,"2":1},"f":{},"b":{},"inputSourceMap":null,"_coverageSchema":"1a1c01bbd47fc00a2c39e90264f33305004495a9","hash":"7695b95159eebac8a14c38e8894586da39beb998"}
,"D:\\binaracad\\fsw-platinum\\backend\\schema\\classSchema.mjs": {"path":"D:\\binaracad\\fsw-platinum\\backend\\schema\\classSchema.mjs","statementMap":{"0":{"start":{"line":3,"column":20},"end":{"line":5,"column":2}}},"fnMap":{},"branchMap":{},"s":{"0":0},"f":{},"b":{},"inputSourceMap":null}
,"D:\\binaracad\\fsw-platinum\\backend\\schema\\commonSchema.mjs": {"path":"D:\\binaracad\\fsw-platinum\\backend\\schema\\commonSchema.mjs","statementMap":{"0":{"start":{"line":3,"column":2},"end":{"line":3,"column":72}},"1":{"start":{"line":5,"column":24},"end":{"line":5,"column":72}}},"fnMap":{},"branchMap":{},"s":{"0":1,"1":1},"f":{},"b":{},"inputSourceMap":null,"_coverageSchema":"1a1c01bbd47fc00a2c39e90264f33305004495a9","hash":"2ee5aebe5e39527ebc5db6da18b4e5cf03974dc8"}
,"D:\\binaracad\\fsw-platinum\\backend\\schema\\studentSchema.mjs": {"path":"D:\\binaracad\\fsw-platinum\\backend\\schema\\studentSchema.mjs","statementMap":{"0":{"start":{"line":3,"column":22},"end":{"line":6,"column":2}}},"fnMap":{},"branchMap":{},"s":{"0":0},"f":{},"b":{},"inputSourceMap":null}
,"D:\\binaracad\\fsw-platinum\\backend\\schema\\subjectSchema.mjs": {"path":"D:\\binaracad\\fsw-platinum\\backend\\schema\\subjectSchema.mjs","statementMap":{"0":{"start":{"line":3,"column":21},"end":{"line":5,"column":2}}},"fnMap":{},"branchMap":{},"s":{"0":0},"f":{},"b":{},"inputSourceMap":null}
,"D:\\binaracad\\fsw-platinum\\backend\\schema\\teacherSchema.mjs": {"path":"D:\\binaracad\\fsw-platinum\\backend\\schema\\teacherSchema.mjs","statementMap":{"0":{"start":{"line":3,"column":22},"end":{"line":6,"column":2}}},"fnMap":{},"branchMap":{},"s":{"0":0},"f":{},"b":{},"inputSourceMap":null}
,"D:\\binaracad\\fsw-platinum\\backend\\schema\\teachingNotesSchema.mjs": {"path":"D:\\binaracad\\fsw-platinum\\backend\\schema\\teachingNotesSchema.mjs","statementMap":{"0":{"start":{"line":3,"column":28},"end":{"line":13,"column":2}}},"fnMap":{},"branchMap":{},"s":{"0":0},"f":{},"b":{},"inputSourceMap":null}
,"D:\\binaracad\\fsw-platinum\\backend\\schema\\userProfileSchema.mjs": {"path":"D:\\binaracad\\fsw-platinum\\backend\\schema\\userProfileSchema.mjs","statementMap":{"0":{"start":{"line":2,"column":33},"end":{"line":4,"column":2}},"1":{"start":{"line":5,"column":37},"end":{"line":7,"column":2}}},"fnMap":{},"branchMap":{},"s":{"0":1,"1":1},"f":{},"b":{},"inputSourceMap":null,"_coverageSchema":"1a1c01bbd47fc00a2c39e90264f33305004495a9","hash":"bfddb84d070632efca2edd4aa3b9093f677798b7"}
,"D:\\binaracad\\fsw-platinum\\backend\\schema\\userSchema.mjs": {"path":"D:\\binaracad\\fsw-platinum\\backend\\schema\\userSchema.mjs","statementMap":{"0":{"start":{"line":4,"column":20},"end":{"line":4,"column":33}},"1":{"start":{"line":5,"column":21},"end":{"line":5,"column":54}},"2":{"start":{"line":7,"column":19},"end":{"line":13,"column":2}}},"fnMap":{},"branchMap":{},"s":{"0":0,"1":0,"2":0},"f":{},"b":{},"inputSourceMap":null}
}
